# JRE version: Java(TM) SE Embedded Runtime Environment (8.0_06-b23) (build 1.8.0_06-b23)
# Java VM: Java HotSpot(TM) Embedded Client VM (25.6-b23 mixed mode linux-arm )
Heap:
 def new generation   total 2048K, used 160K [0xae600000, 0xae820000, 0xb0600000)
  eden space 1920K,   1% used [0xae600000, 0xae608080, 0xae7e0000)
  from space 128K,  99% used [0xae7e0000, 0xae7fffe0, 0xae800000)
  to   space 128K,   0% used [0xae800000, 0xae800000, 0xae820000)
 tenured generation   total 4096K, used 2230K [0xb0600000, 0xb0a00000, 0xb4600000)
   the space 4096K,  54% used [0xb0600000, 0xb082dae8, 0xb082dc00, 0xb0a00000)
 Metaspace       used 3361K, capacity 3468K, committed 3480K, reserved 4400K
GC Heap History (10 events):
Event: 1456.972 GC heap before
{Heap before GC invocations=403 (full 1):
 def new generation   total 2048K, used 2047K [0xae600000, 0xae820000, 0xb0600000)
  eden space 1920K, 100% used [0xae600000, 0xae7e0000, 0xae7e0000)
  from space 128K,  99% used [0xae800000, 0xae81fff0, 0xae820000)
  to   space 128K,   0% used [0xae7e0000, 0xae7e0000, 0xae800000)
 tenured generation   total 4096K, used 1993K [0xb0600000, 0xb0a00000, 0xb4600000)
   the space 4096K,  48% used [0xb0600000, 0xb07f2578, 0xb07f2600, 0xb0a00000)
 Metaspace       used 3361K, capacity 3468K, committed 3480K, reserved 4400K
Event: 1456.979 GC heap after
Heap after GC invocations=404 (full 1):
 def new generation   total 2048K, used 127K [0xae600000, 0xae820000, 0xb0600000)
  eden space 1920K,   0% used [0xae600000, 0xae600000, 0xae7e0000)
  from space 128K,  99% used [0xae7e0000, 0xae7fffd8, 0xae800000)
  to   space 128K,   0% used [0xae800000, 0xae800000, 0xae820000)
 tenured generation   total 4096K, used 2061K [0xb0600000, 0xb0a00000, 0xb4600000)
   the space 4096K,  50% used [0xb0600000, 0xb0803660, 0xb0803800, 0xb0a00000)
 Metaspace       used 3361K, capacity 3468K, committed 3480K, reserved 4400K
}
Event: 1461.164 GC heap before
{Heap before GC invocations=404 (full 1):
 def new generation   total 2048K, used 2047K [0xae600000, 0xae820000, 0xb0600000)
  eden space 1920K, 100% used [0xae600000, 0xae7e0000, 0xae7e0000)
  from space 128K,  99% used [0xae7e0000, 0xae7fffd8, 0xae800000)
  to   space 128K,   0% used [0xae800000, 0xae800000, 0xae820000)
 tenured generation   total 4096K, used 2061K [0xb0600000, 0xb0a00000, 0xb4600000)
   the space 4096K,  50% used [0xb0600000, 0xb0803660, 0xb0803800, 0xb0a00000)
 Metaspace       used 3361K, capacity 3468K, committed 3480K, reserved 4400K
Event: 1461.172 GC heap after
Heap after GC invocations=405 (full 1):
 def new generation   total 2048K, used 127K [0xae600000, 0xae820000, 0xb0600000)
  eden space 1920K,   0% used [0xae600000, 0xae600000, 0xae7e0000)
  from space 128K,  99% used [0xae800000, 0xae81fff0, 0xae820000)
  to   space 128K,   0% used [0xae7e0000, 0xae7e0000, 0xae800000)
 tenured generation   total 4096K, used 2106K [0xb0600000, 0xb0a00000, 0xb4600000)
   the space 4096K,  51% used [0xb0600000, 0xb080ea78, 0xb080ec00, 0xb0a00000)
 Metaspace       used 3361K, capacity 3468K, committed 3480K, reserved 4400K
}
Event: 1465.362 GC heap before
{Heap before GC invocations=405 (full 1):
 def new generation   total 2048K, used 2047K [0xae600000, 0xae820000, 0xb0600000)
  eden space 1920K, 100% used [0xae600000, 0xae7e0000, 0xae7e0000)
  from space 128K,  99% used [0xae800000, 0xae81fff0, 0xae820000)
  to   space 128K,   0% used [0xae7e0000, 0xae7e0000, 0xae800000)
 tenured generation   total 4096K, used 2106K [0xb0600000, 0xb0a00000, 0xb4600000)
   the space 4096K,  51% used [0xb0600000, 0xb080ea78, 0xb080ec00, 0xb0a00000)
 Metaspace       used 3361K, capacity 3468K, committed 3480K, reserved 4400K
Event: 1465.372 GC heap after
Heap after GC invocations=406 (full 1):
 def new generation   total 2048K, used 127K [0xae600000, 0xae820000, 0xb0600000)
  eden space 1920K,   0% used [0xae600000, 0xae600000, 0xae7e0000)
  from space 128K,  99% used [0xae7e0000, 0xae7fffe0, 0xae800000)
  to   space 128K,   0% used [0xae800000, 0xae800000, 0xae820000)
 tenured generation   total 4096K, used 2147K [0xb0600000, 0xb0a00000, 0xb4600000)
   the space 4096K,  52% used [0xb0600000, 0xb0818cf0, 0xb0818e00, 0xb0a00000)
 Metaspace       used 3361K, capacity 3468K, committed 3480K, reserved 4400K
}
Event: 1469.591 GC heap before
{Heap before GC invocations=406 (full 1):
 def new generation   total 2048K, used 2047K [0xae600000, 0xae820000, 0xb0600000)
  eden space 1920K, 100% used [0xae600000, 0xae7e0000, 0xae7e0000)
  from space 128K,  99% used [0xae7e0000, 0xae7fffe0, 0xae800000)
  to   space 128K,   0% used [0xae800000, 0xae800000, 0xae820000)
 tenured generation   total 4096K, used 2147K [0xb0600000, 0xb0a00000, 0xb4600000)
   the space 4096K,  52% used [0xb0600000, 0xb0818cf0, 0xb0818e00, 0xb0a00000)
 Metaspace       used 3361K, capacity 3468K, committed 3480K, reserved 4400K
Event: 1469.598 GC heap after
Heap after GC invocations=407 (full 1):
 def new generation   total 2048K, used 127K [0xae600000, 0xae820000, 0xb0600000)
  eden space 1920K,   0% used [0xae600000, 0xae600000, 0xae7e0000)
  from space 128K,  99% used [0xae800000, 0xae81fff8, 0xae820000)
  to   space 128K,   0% used [0xae7e0000, 0xae7e0000, 0xae800000)
 tenured generation   total 4096K, used 2188K [0xb0600000, 0xb0a00000, 0xb4600000)
   the space 4096K,  53% used [0xb0600000, 0xb08230a0, 0xb0823200, 0xb0a00000)
 Metaspace       used 3361K, capacity 3468K, committed 3480K, reserved 4400K
}
Event: 1473.773 GC heap before
{Heap before GC invocations=407 (full 1):
 def new generation   total 2048K, used 2047K [0xae600000, 0xae820000, 0xb0600000)
  eden space 1920K, 100% used [0xae600000, 0xae7e0000, 0xae7e0000)
  from space 128K,  99% used [0xae800000, 0xae81fff8, 0xae820000)
  to   space 128K,   0% used [0xae7e0000, 0xae7e0000, 0xae800000)
 tenured generation   total 4096K, used 2188K [0xb0600000, 0xb0a00000, 0xb4600000)
   the space 4096K,  53% used [0xb0600000, 0xb08230a0, 0xb0823200, 0xb0a00000)
 Metaspace       used 3361K, capacity 3468K, committed 3480K, reserved 4400K
Event: 1473.779 GC heap after
Heap after GC invocations=408 (full 1):
 def new generation   total 2048K, used 127K [0xae600000, 0xae820000, 0xb0600000)
  eden space 1920K,   0% used [0xae600000, 0xae600000, 0xae7e0000)
  from space 128K,  99% used [0xae7e0000, 0xae7fffe0, 0xae800000)
  to   space 128K,   0% used [0xae800000, 0xae800000, 0xae820000)
 tenured generation   total 4096K, used 2230K [0xb0600000, 0xb0a00000, 0xb4600000)
   the space 4096K,  54% used [0xb0600000, 0xb082dae8, 0xb082dc00, 0xb0a00000)
 Metaspace       used 3361K, capacity 3468K, committed 3480K, reserved 4400K
}

